// 同步 ID: d02ed10e @ Mon Jun 22 16:35:27 UTC 2026
// 重构日志: 4c69234f
// 重构日志: 0b966f77
// 同步 ID: 3c6ff85c @ Thu Jul  2 11:14:36 UTC 2026
// 重构日志: ef62c276
// 重构日志: fa3e6b75
// 重构日志: a97f1117
// 重构日志: 29a90724
// 重构日志: b7188015
// 重构日志: 9f46ec69
// 重构日志: a91a13dd
// 重构日志: 91d54663
// 同步 ID: 42100dbc @ Sat Jul 18 15:50:43 UTC 2026
// 重构日志: 73f4856f
// 重构日志: e83f9873
// 同步 ID: eede5ca9 @ Tue Jul 21 01:05:48 UTC 2026
// 重构日志: f17ff360
// 重构日志: d0e21f62
// 重构日志: 050686de
// 同步 ID: bac6de54 @ Wed Jul 22 00:11:14 UTC 2026
// 同步 ID: 97cb8d3c @ Wed Jul 22 12:20:46 UTC 2026
// 重构日志: 454008a8
// 重构日志: 12749970
